<?xml version="1.0" encoding="UTF-8"?>
<!-- Generated by org.testng.reporters.JUnitReportReporter -->
<testsuite hostname="LAPTOP-1J10G11S" failures="0" tests="1" name="TestCases.VerifyAddingProdductToCart" time="25.828" errors="0" timestamp="2022-12-21T21:50:13 IST" skipped="0">
  <testcase classname="TestCases.VerifyAddingProdductToCart" name="VerifySumOfProducts" time="25.828"/>
  <system-out/>
</testsuite> <!-- TestCases.VerifyAddingProdductToCart -->
