<?xml version="1.0" encoding="UTF-8"?>
<!-- Generated by org.testng.reporters.JUnitReportReporter -->
<testsuite hostname="LAPTOP-1J10G11S" failures="0" tests="1" name="Resources.BaseClass" time="5.610" errors="0" timestamp="2022-11-08T17:58:08 IST" skipped="0">
  <testcase classname="Resources.BaseClass" name="InitializeDriver" time="5.610"/>
  <system-out/>
</testsuite> <!-- Resources.BaseClass -->
